<?xml version="1.0" encoding="UTF-8"?>
<testng-results skipped="0" failed="0" ignored="0" total="2" passed="2">
  <reporter-output>
  </reporter-output>
  <suite name="Default suite" duration-ms="32637" started-at="2017-09-20T01:30:49Z" finished-at="2017-09-20T01:31:22Z">
    <groups>
    </groups>
    <test name="Default test" duration-ms="32637" started-at="2017-09-20T01:30:49Z" finished-at="2017-09-20T01:31:22Z">
      <class name="com.selencon.saucetest.homepage.CheckBox">
        <test-method status="PASS" signature="checkBox(java.lang.String, java.lang.String, java.lang.String, java.lang.reflect.Method)[pri:0, instance:com.selencon.saucetest.homepage.CheckBox@e25b2fe]" name="checkBox" duration-ms="25222" started-at="2017-09-20T07:00:49Z" data-provider="oneBrowser" finished-at="2017-09-20T07:01:14Z">
          <params>
            <param index="0">
              <value>
                <![CDATA[firefox]]>
              </value>
            </param>
            <param index="1">
              <value>
                <![CDATA[latest-1]]>
              </value>
            </param>
            <param index="2">
              <value>
                <![CDATA[Windows 7]]>
              </value>
            </param>
            <param index="3">
              <value>
                <![CDATA[public void com.selencon.saucetest.homepage.CheckBox.checkBox(java.lang.String,java.lang.String,java.lang.String,java.lang.reflect.Method) throws java.io.IOException]]>
              </value>
            </param>
          </params>
          <reporter-output>
          </reporter-output>
        </test-method> <!-- checkBox -->
        <test-method status="PASS" signature="checkBox(java.lang.String, java.lang.String, java.lang.String, java.lang.reflect.Method)[pri:0, instance:com.selencon.saucetest.homepage.CheckBox@e25b2fe]" name="checkBox" duration-ms="31562" started-at="2017-09-20T07:00:49Z" data-provider="oneBrowser" finished-at="2017-09-20T07:01:21Z">
          <params>
            <param index="0">
              <value>
                <![CDATA[internet explorer]]>
              </value>
            </param>
            <param index="1">
              <value>
                <![CDATA[11.0]]>
              </value>
            </param>
            <param index="2">
              <value>
                <![CDATA[Windows 7]]>
              </value>
            </param>
            <param index="3">
              <value>
                <![CDATA[public void com.selencon.saucetest.homepage.CheckBox.checkBox(java.lang.String,java.lang.String,java.lang.String,java.lang.reflect.Method) throws java.io.IOException]]>
              </value>
            </param>
          </params>
          <reporter-output>
          </reporter-output>
        </test-method> <!-- checkBox -->
        <test-method status="PASS" signature="tearDown(org.testng.ITestResult)[pri:0, instance:com.selencon.saucetest.homepage.CheckBox@e25b2fe]" name="tearDown" is-config="true" duration-ms="863" started-at="2017-09-20T07:01:14Z" finished-at="2017-09-20T07:01:15Z">
          <params>
            <param index="0">
              <value>
                <![CDATA[[TestResult name=checkBox status=SUCCESS method=CheckBox.checkBox(java.lang.String, java.lang.String, java.lang.String, java.lang.reflect.Method)[pri:0, instance:com.selencon.saucetest.homepage.CheckBox@e25b2fe] output={null}]]]>
              </value>
            </param>
          </params>
          <reporter-output>
          </reporter-output>
        </test-method> <!-- tearDown -->
        <test-method status="PASS" signature="tearDown(org.testng.ITestResult)[pri:0, instance:com.selencon.saucetest.homepage.CheckBox@e25b2fe]" name="tearDown" is-config="true" duration-ms="1001" started-at="2017-09-20T07:01:21Z" finished-at="2017-09-20T07:01:22Z">
          <params>
            <param index="0">
              <value>
                <![CDATA[[TestResult name=checkBox status=SUCCESS method=CheckBox.checkBox(java.lang.String, java.lang.String, java.lang.String, java.lang.reflect.Method)[pri:0, instance:com.selencon.saucetest.homepage.CheckBox@e25b2fe] output={null}]]]>
              </value>
            </param>
          </params>
          <reporter-output>
          </reporter-output>
        </test-method> <!-- tearDown -->
      </class> <!-- com.selencon.saucetest.homepage.CheckBox -->
    </test> <!-- Default test -->
  </suite> <!-- Default suite -->
</testng-results>
